<?xml version="1.0" encoding="UTF-8"?>
<robot generator="Robot 4.1.3 (Python 3.7.4 on win32)" generated="20220320 19:25:43.042" rpa="false" schemaversion="2">
<suite id="s1" name="TestCases" source="C:\Users\VARUN\Desktop\Varun_Personal\RobotFramework_Two_2022\TestCases">
<suite id="s1-s1" name="Login TC" source="C:\Users\VARUN\Desktop\Varun_Personal\RobotFramework_Two_2022\TestCases\Login_TC">
<kw name="Before Each TestSuite" type="SETUP">
<kw name="Log" library="BuiltIn">
<arg>Before Each Test Suite</arg>
<doc>Logs the given message with the given level.</doc>
<msg timestamp="20220320 19:25:43.096" level="INFO">Before Each Test Suite</msg>
<status status="PASS" starttime="20220320 19:25:43.096" endtime="20220320 19:25:43.097"/>
</kw>
<status status="PASS" starttime="20220320 19:25:43.096" endtime="20220320 19:25:43.097"/>
</kw>
<suite id="s1-s1-s1" name="Arguments" source="C:\Users\VARUN\Desktop\Varun_Personal\RobotFramework_Two_2022\TestCases\Login_TC\Arguments.robot">
<test id="s1-s1-s1-t1" name="TC_003_Arguments_from_Resources_file">
<kw name="Start Browser and maximize" library="resources" type="SETUP">
<doc>This keyword is starting browser and maximize</doc>
<kw name="Open Browser" library="SeleniumLibrary">
<arg>${url}</arg>
<arg>${BROWSER}</arg>
<doc>Opens a new browser instance to the optional ``url``.</doc>
<msg timestamp="20220320 19:25:43.500" level="INFO">Opening browser 'Chrome' to base url 'https://www.thetestingworld.com/testings'.</msg>
<status status="PASS" starttime="20220320 19:25:43.499" endtime="20220320 19:26:21.435"/>
</kw>
<kw name="Maximize Browser Window" library="SeleniumLibrary">
<doc>Maximizes current browser window.</doc>
<status status="PASS" starttime="20220320 19:26:21.436" endtime="20220320 19:26:21.584"/>
</kw>
<kw name="Get Title" library="SeleniumLibrary">
<var>${title}</var>
<doc>Returns the title of the current page.</doc>
<msg timestamp="20220320 19:26:21.597" level="INFO">${title} = Login &amp; Sign Up Forms</msg>
<status status="PASS" starttime="20220320 19:26:21.584" endtime="20220320 19:26:21.597"/>
</kw>
<kw name="Log" library="BuiltIn">
<arg>${title}</arg>
<doc>Logs the given message with the given level.</doc>
<msg timestamp="20220320 19:26:21.599" level="INFO">Login &amp; Sign Up Forms</msg>
<status status="PASS" starttime="20220320 19:26:21.598" endtime="20220320 19:26:21.599"/>
</kw>
<status status="PASS" starttime="20220320 19:25:43.498" endtime="20220320 19:26:21.600"/>
</kw>
<kw name="Enter username,password,email" library="resources">
<arg>test1</arg>
<arg>test1</arg>
<arg>test1@gmail.com</arg>
<kw name="Input Text" library="SeleniumLibrary">
<arg>name:fld_username</arg>
<arg>${username}</arg>
<doc>Types the given ``text`` into the text field identified by ``locator``.</doc>
<msg timestamp="20220320 19:26:21.604" level="INFO">Typing text 'test1' into text field 'name:fld_username'.</msg>
<status status="PASS" starttime="20220320 19:26:21.602" endtime="20220320 19:26:21.731"/>
</kw>
<kw name="Input Text" library="SeleniumLibrary">
<arg>xpath://input[@placeholder='myusername@gmail.com']</arg>
<arg>${email}</arg>
<doc>Types the given ``text`` into the text field identified by ``locator``.</doc>
<msg timestamp="20220320 19:26:21.732" level="INFO">Typing text 'test1@gmail.com' into text field 'xpath://input[@placeholder='myusername@gmail.com']'.</msg>
<status status="PASS" starttime="20220320 19:26:21.731" endtime="20220320 19:26:21.833"/>
</kw>
<kw name="Input Password" library="SeleniumLibrary">
<arg>name:fld_password</arg>
<arg>${password}</arg>
<doc>Types the given password into the text field identified by ``locator``.</doc>
<msg timestamp="20220320 19:26:21.833" level="INFO">Typing password into text field 'name:fld_password'.</msg>
<msg timestamp="20220320 19:26:21.881" level="INFO">Temporally setting log level to: NONE</msg>
<msg timestamp="20220320 19:26:21.929" level="INFO">Log level changed from NONE to INFO.</msg>
<status status="PASS" starttime="20220320 19:26:21.833" endtime="20220320 19:26:21.929"/>
</kw>
<status status="PASS" starttime="20220320 19:26:21.601" endtime="20220320 19:26:21.929"/>
</kw>
<kw name="Close Browser window" library="resources" type="TEARDOWN">
<kw name="Close Browser" library="SeleniumLibrary">
<doc>Closes the current browser.</doc>
<status status="PASS" starttime="20220320 19:26:21.931" endtime="20220320 19:26:24.116"/>
</kw>
<status status="PASS" starttime="20220320 19:26:21.930" endtime="20220320 19:26:24.116"/>
</kw>
<doc>This test case is for entering values in reg form.</doc>
<tag>ALL_TC</tag>
<tag>Smoke</tag>
<tag>Testing</tag>
<status status="PASS" starttime="20220320 19:25:43.497" endtime="20220320 19:26:24.118"/>
</test>
<doc>This file has test cases for maximize browser and enter username, password, email values.</doc>
<status status="PASS" starttime="20220320 19:25:43.097" endtime="20220320 19:26:24.123"/>
</suite>
<kw name="After Each TestSuite" type="TEARDOWN">
<kw name="Log" library="BuiltIn">
<arg>After Each Test Suite</arg>
<doc>Logs the given message with the given level.</doc>
<msg timestamp="20220320 19:26:24.133" level="INFO">After Each Test Suite</msg>
<status status="PASS" starttime="20220320 19:26:24.133" endtime="20220320 19:26:24.134"/>
</kw>
<status status="PASS" starttime="20220320 19:26:24.132" endtime="20220320 19:26:24.134"/>
</kw>
<status status="PASS" starttime="20220320 19:25:43.092" endtime="20220320 19:26:24.134"/>
</suite>
<status status="PASS" starttime="20220320 19:25:43.046" endtime="20220320 19:26:24.141"/>
</suite>
<statistics>
<total>
<stat pass="1" fail="0" skip="0">All Tests</stat>
</total>
<tag>
<stat pass="1" fail="0" skip="0">ALL_TC</stat>
<stat pass="1" fail="0" skip="0">Smoke</stat>
<stat pass="1" fail="0" skip="0">Testing</stat>
</tag>
<suite>
<stat pass="1" fail="0" skip="0" id="s1" name="TestCases">TestCases</stat>
<stat pass="1" fail="0" skip="0" id="s1-s1" name="Login TC">TestCases.Login TC</stat>
<stat pass="1" fail="0" skip="0" id="s1-s1-s1" name="Arguments">TestCases.Login TC.Arguments</stat>
</suite>
</statistics>
<errors>
</errors>
</robot>
