<?xml version="1.0" encoding="UTF-8"?>
<robot generator="Robot 4.1.3 (Python 3.7.4 on win32)" generated="20220320 12:03:11.693" rpa="false" schemaversion="2">
<suite id="s1" name="Arguments" source="C:\Users\VARUN\Desktop\Varun_Personal\RobotFramework_Two_2022\TestCases\Login\Arguments.robot">
<kw name="Before Each TestSuite" type="SETUP">
<msg timestamp="20220320 12:03:12.063" level="FAIL">No keyword with name 'Before Each TestSuite' found.</msg>
<status status="FAIL" starttime="20220320 12:03:12.063" endtime="20220320 12:03:12.063"/>
</kw>
<test id="s1-t1" name="TC_003_Arguments_from_Resources_file">
<doc>This test case is for entering values in reg form.</doc>
<timeout value="2 minutes 10 seconds"/>
<status status="FAIL" starttime="20220320 12:03:12.064" endtime="20220320 12:03:12.065">Parent suite setup failed:
No keyword with name 'Before Each TestSuite' found.</status>
</test>
<kw name="After Each TestSuite" type="TEARDOWN">
<msg timestamp="20220320 12:03:12.076" level="FAIL">No keyword with name 'After Each TestSuite' found.</msg>
<status status="FAIL" starttime="20220320 12:03:12.076" endtime="20220320 12:03:12.076">No keyword with name 'After Each TestSuite' found.</status>
</kw>
<doc>This file has test cases for maximize browser and enter username, password, email values.</doc>
<status status="FAIL" starttime="20220320 12:03:11.696" endtime="20220320 12:03:12.076">Suite setup failed:
No keyword with name 'Before Each TestSuite' found.

Also suite teardown failed:
No keyword with name 'After Each TestSuite' found.</status>
</suite>
<statistics>
<total>
<stat pass="0" fail="1" skip="0">All Tests</stat>
</total>
<tag>
</tag>
<suite>
<stat pass="0" fail="1" skip="0" id="s1" name="Arguments">Arguments</stat>
</suite>
</statistics>
<errors>
<msg timestamp="20220320 12:03:12.054" level="ERROR">Error in file 'C:\Users\VARUN\Desktop\Varun_Personal\RobotFramework_Two_2022\TestCases\Login\Arguments.robot' on line 4: Resource file '\Resources\resources.robot' does not exist.</msg>
</errors>
</robot>
