<?xml version="1.0" encoding="UTF-8"?>
<robot generator="Robot 4.1.3 (Python 3.7.4 on win32)" generated="20220409 10:37:15.869" rpa="false" schemaversion="2">
<suite id="s1" name="Sikuli01" source="C:\Users\VARUN\Desktop\Varun_Personal\RobotFramework_Two_2022\TestCases\Sikuli\Sikuli01.robot">
<test id="s1-t1" name="TC_Sikuli">
<kw name="Start Sikuli Process" library="SikuliLibrary">
<msg timestamp="20220409 10:37:15.975" level="INFO">Starting process:
java -jar C:\Users\VARUN\AppData\Local\Programs\Python\Python37-32\lib\site-packages\SikuliLibrary\lib\SikuliLibrary.jar 52921 C:\Users\VARUN\Desktop\Varun_Personal\RobotFramework_Two_2022\TestCases\Sikuli</msg>
<msg timestamp="20220409 10:37:15.980" level="INFO">Start sikuli java process on port 52921</msg>
<msg timestamp="20220409 10:37:17.304" level="INFO">Sikuli java process is started</msg>
<status status="PASS" starttime="20220409 10:37:15.962" endtime="20220409 10:37:19.726"/>
</kw>
<kw name="Add Image Path" library="SikuliLibrary">
<arg>C:/Users/VARUN/Desktop/Varun_Personal/RobotFramework_Two_2022/Screenshots</arg>
<doc>Add image path</doc>
<status status="PASS" starttime="20220409 10:37:19.726" endtime="20220409 10:37:19.749"/>
</kw>
<kw name="Click" library="SikuliLibrary">
<arg>start.png</arg>
<doc>Click</doc>
<msg timestamp="20220409 10:37:21.014" level="INFO" html="true">&lt;img src='sikuli_captured/sikuliximage-1649480840231.png'/&gt;
[log] CLICK on L[25,748]@S(0) (546 msec)</msg>
<status status="PASS" starttime="20220409 10:37:19.749" endtime="20220409 10:37:21.014"/>
</kw>
<kw name="Wait Until Screen Contain" library="SikuliLibrary">
<arg>search.png</arg>
<arg>10</arg>
<doc>Wait until screen contain
 Wait until image shown in screen</doc>
<msg timestamp="20220409 10:37:21.609" level="INFO" html="true">&lt;img src='sikuli_captured/sikuliximage-1649480841594.png'/&gt;</msg>
<status status="PASS" starttime="20220409 10:37:21.015" endtime="20220409 10:37:21.609"/>
</kw>
<kw name="Input Text" library="SikuliLibrary">
<arg>search.png</arg>
<arg>Chrome</arg>
<doc>Input text.
 Image could be empty</doc>
<msg timestamp="20220409 10:37:23.092" level="INFO">Input Text:
Chrome</msg>
<msg timestamp="20220409 10:37:23.092" level="INFO" html="true">&lt;img src='sikuli_captured/sikuliximage-1649480841878.png'/&gt;
[log] CLICK on L[223,744]@S(0) (546 msec)
[log]  TYPE "Chrome"</msg>
<status status="PASS" starttime="20220409 10:37:21.610" endtime="20220409 10:37:23.093"/>
</kw>
<kw name="Get Text" library="SikuliLibrary">
<var>${searchvar}</var>
<arg>search.png</arg>
<doc>Get text</doc>
<msg timestamp="20220409 10:37:25.767" level="INFO" html="true">&lt;img src='sikuli_captured/sikuliximage-1649480843344.png'/&gt;</msg>
<msg timestamp="20220409 10:37:25.767" level="INFO">${searchvar} = PP Type here to search</msg>
<status status="PASS" starttime="20220409 10:37:23.093" endtime="20220409 10:37:25.767"/>
</kw>
<kw name="Log To Console" library="BuiltIn">
<arg>${searchvar}</arg>
<doc>Logs the given message to the console.</doc>
<status status="PASS" starttime="20220409 10:37:25.768" endtime="20220409 10:37:25.768"/>
</kw>
<kw name="Highlight" library="SikuliLibrary">
<arg>search.png</arg>
<arg>2</arg>
<doc>Highlight matched image.
 If secs is set, highlight will vanish automatically after setted seconds</doc>
<msg timestamp="20220409 10:37:28.784" level="INFO">[log] highlight M[47,722 353x45]On(0) S 7074 for 2.0 secs</msg>
<msg timestamp="20220409 10:37:28.784" level="INFO" html="true">&lt;img src='sikuli_captured/sikuliximage-1649480848399.png'/&gt;</msg>
<status status="PASS" starttime="20220409 10:37:25.769" endtime="20220409 10:37:28.784"/>
</kw>
<kw name="Click" library="SikuliLibrary">
<arg>Chrome.png</arg>
<doc>Click</doc>
<msg timestamp="20220409 10:37:29.802" level="INFO" html="true">&lt;img src='sikuli_captured/sikuliximage-1649480849027.png'/&gt;
[log] CLICK on L[219,204]@S(0) (545 msec)</msg>
<status status="PASS" starttime="20220409 10:37:28.785" endtime="20220409 10:37:29.803"/>
</kw>
<status status="PASS" starttime="20220409 10:37:15.961" endtime="20220409 10:37:29.805"/>
</test>
<status status="PASS" starttime="20220409 10:37:15.873" endtime="20220409 10:37:29.809"/>
</suite>
<statistics>
<total>
<stat pass="1" fail="0" skip="0">All Tests</stat>
</total>
<tag>
</tag>
<suite>
<stat pass="1" fail="0" skip="0" id="s1" name="Sikuli01">Sikuli01</stat>
</suite>
</statistics>
<errors>
</errors>
</robot>
